c:\users\sone4\onedrive\документы\8_sem\теория_игривости\plaufulnesstheory\plaufulnesstheory\x64\debug\vc143.pdb
c:\users\sone4\onedrive\документы\8_sem\теория_игривости\plaufulnesstheory\plaufulnesstheory\x64\debug\vc143.idb
c:\users\sone4\onedrive\документы\8_sem\теория_игривости\plaufulnesstheory\plaufulnesstheory\x64\debug\userinteraction.obj
c:\users\sone4\onedrive\документы\8_sem\теория_игривости\plaufulnesstheory\plaufulnesstheory\x64\debug\plaufulnesstheory.obj
c:\users\sone4\onedrive\документы\8_sem\теория_игривости\plaufulnesstheory\x64\debug\plaufulnesstheory.pdb
c:\users\sone4\onedrive\документы\8_sem\теория_игривости\plaufulnesstheory\plaufulnesstheory\x64\debug\plaufuln.fdae9a01.tlog\cl.command.1.tlog
c:\users\sone4\onedrive\документы\8_sem\теория_игривости\plaufulnesstheory\plaufulnesstheory\x64\debug\plaufuln.fdae9a01.tlog\cl.read.1.tlog
c:\users\sone4\onedrive\документы\8_sem\теория_игривости\plaufulnesstheory\plaufulnesstheory\x64\debug\plaufuln.fdae9a01.tlog\cl.write.1.tlog
c:\users\sone4\onedrive\документы\8_sem\теория_игривости\plaufulnesstheory\plaufulnesstheory\x64\debug\plaufuln.fdae9a01.tlog\link-cvtres.read.1.tlog
c:\users\sone4\onedrive\документы\8_sem\теория_игривости\plaufulnesstheory\plaufulnesstheory\x64\debug\plaufuln.fdae9a01.tlog\link-cvtres.write.1.tlog
c:\users\sone4\onedrive\документы\8_sem\теория_игривости\plaufulnesstheory\plaufulnesstheory\x64\debug\plaufuln.fdae9a01.tlog\link-rc.read.1.tlog
c:\users\sone4\onedrive\документы\8_sem\теория_игривости\plaufulnesstheory\plaufulnesstheory\x64\debug\plaufuln.fdae9a01.tlog\link-rc.write.1.tlog
c:\users\sone4\onedrive\документы\8_sem\теория_игривости\plaufulnesstheory\plaufulnesstheory\x64\debug\plaufuln.fdae9a01.tlog\link.11968-cvtres.read.1.tlog
c:\users\sone4\onedrive\документы\8_sem\теория_игривости\plaufulnesstheory\plaufulnesstheory\x64\debug\plaufuln.fdae9a01.tlog\link.11968-cvtres.write.1.tlog
c:\users\sone4\onedrive\документы\8_sem\теория_игривости\plaufulnesstheory\plaufulnesstheory\x64\debug\plaufuln.fdae9a01.tlog\link.11968-rc.read.1.tlog
c:\users\sone4\onedrive\документы\8_sem\теория_игривости\plaufulnesstheory\plaufulnesstheory\x64\debug\plaufuln.fdae9a01.tlog\link.11968-rc.write.1.tlog
c:\users\sone4\onedrive\документы\8_sem\теория_игривости\plaufulnesstheory\plaufulnesstheory\x64\debug\plaufuln.fdae9a01.tlog\link.11968.read.1.tlog
c:\users\sone4\onedrive\документы\8_sem\теория_игривости\plaufulnesstheory\plaufulnesstheory\x64\debug\plaufuln.fdae9a01.tlog\link.11968.read.2.tlog
c:\users\sone4\onedrive\документы\8_sem\теория_игривости\plaufulnesstheory\plaufulnesstheory\x64\debug\plaufuln.fdae9a01.tlog\link.11968.write.1.tlog
c:\users\sone4\onedrive\документы\8_sem\теория_игривости\plaufulnesstheory\plaufulnesstheory\x64\debug\plaufuln.fdae9a01.tlog\link.command.1.tlog
c:\users\sone4\onedrive\документы\8_sem\теория_игривости\plaufulnesstheory\plaufulnesstheory\x64\debug\plaufuln.fdae9a01.tlog\link.read.1.tlog
c:\users\sone4\onedrive\документы\8_sem\теория_игривости\plaufulnesstheory\plaufulnesstheory\x64\debug\plaufuln.fdae9a01.tlog\link.read.2.tlog
c:\users\sone4\onedrive\документы\8_sem\теория_игривости\plaufulnesstheory\plaufulnesstheory\x64\debug\plaufuln.fdae9a01.tlog\link.write.1.tlog
